[23Jan2025 00:00:55.712] [Server thread/INFO] [net.minecraft.server.dedicated.DedicatedServer/]: [fr4nnki: Teleported fr4nnki to 266.5, 91.5, 16.5]
[23Jan2025 00:01:52.518] [Server thread/INFO] [net.minecraft.server.dedicated.DedicatedServer/]: [fr4nnki: Teleported fr4nnki to zZzK1TTY]
[23Jan2025 00:03:20.945] [Server thread/WARN] [net.minecraft.world.TrackedEntity/]: Fetching packet for removed entity ItemEntity['Air'/97723, l='ServerLevel[world]', x=331.43, y=33.00, z=-525.11]
[23Jan2025 00:03:24.442] [Server thread/WARN] [net.minecraft.world.TrackedEntity/]: Fetching packet for removed entity ItemEntity['Air'/97783, l='ServerLevel[world]', x=328.49, y=34.00, z=-527.69]
[23Jan2025 00:03:27.198] [Server thread/WARN] [net.minecraft.world.TrackedEntity/]: Fetching packet for removed entity ItemEntity['Air'/97848, l='ServerLevel[world]', x=335.46, y=36.00, z=-527.55]
[23Jan2025 00:03:43.394] [Server thread/WARN] [net.minecraft.loot.LootTable/]: Tried to over-fill a container
[23Jan2025 00:03:54.190] [Server thread/WARN] [net.minecraft.world.TrackedEntity/]: Fetching packet for removed entity ItemEntity['Air'/98351, l='ServerLevel[world]', x=331.68, y=25.32, z=-532.36]
[23Jan2025 00:04:06.427] [Server thread/INFO] [net.minecraft.server.dedicated.DedicatedServer/]: fr4nnki has made the advancement [Arghh, Where be Me Ship?]
[23Jan2025 00:04:06.660] [Server thread/WARN] [net.minecraft.loot.LootTable/]: Tried to over-fill a container
[23Jan2025 00:04:34.596] [Server thread/INFO] [net.minecraft.server.dedicated.DedicatedServer/]: fr4nnki has made the advancement [Local Brewery]
[23Jan2025 00:05:18.417] [Server thread/WARN] [net.minecraft.world.TrackedEntity/]: Fetching packet for removed entity ItemEntity['Air'/98838, l='ServerLevel[world]', x=331.24, y=56.77, z=-385.15]
[23Jan2025 00:06:06.346] [Server thread/INFO] [net.minecraft.server.dedicated.DedicatedServer/]: [fr4nnki: Teleported fr4nnki to zZzK1TTY]
[23Jan2025 00:07:03.051] [Server thread/INFO] [net.minecraft.server.dedicated.DedicatedServer/]: [zZzK1TTY: Teleported zZzK1TTY to -416.5, 59.5, -331.5]
[23Jan2025 00:07:21.466] [Server thread/INFO] [net.minecraft.server.dedicated.DedicatedServer/]: [fr4nnki: Teleported fr4nnki to zZzK1TTY]
[23Jan2025 00:08:13.589] [Server thread/INFO] [net.minecraft.server.dedicated.DedicatedServer/]: [zZzK1TTY: Teleported zZzK1TTY to -357.5, 60.5, -292.5]
[23Jan2025 00:08:20.885] [Server thread/INFO] [net.minecraft.server.dedicated.DedicatedServer/]: [fr4nnki: Teleported fr4nnki to zZzK1TTY]
[23Jan2025 00:08:32.297] [Netty Epoll Server IO #3/ERROR] [net.minecraft.command.arguments.ArgumentTypes/]: Could not serialize me.paulf.wings.server.command.WingsArgument@497c39a9 (class me.paulf.wings.server.command.WingsArgument) - will not be sent to client!
[23Jan2025 00:08:32.298] [Netty Epoll Server IO #3/ERROR] [net.minecraft.command.arguments.ArgumentTypes/]: Could not serialize me.paulf.wings.server.command.WingsArgument@5621a0a5 (class me.paulf.wings.server.command.WingsArgument) - will not be sent to client!
[23Jan2025 00:08:33.775] [Netty Epoll Server IO #0/ERROR] [net.minecraft.command.arguments.ArgumentTypes/]: Could not serialize me.paulf.wings.server.command.WingsArgument@497c39a9 (class me.paulf.wings.server.command.WingsArgument) - will not be sent to client!
[23Jan2025 00:08:33.775] [Netty Epoll Server IO #0/ERROR] [net.minecraft.command.arguments.ArgumentTypes/]: Could not serialize me.paulf.wings.server.command.WingsArgument@5621a0a5 (class me.paulf.wings.server.command.WingsArgument) - will not be sent to client!
[23Jan2025 00:09:57.894] [Server thread/WARN] [net.minecraft.network.play.ServerPlayNetHandler/]: zZzK1TTY moved wrongly!
[23Jan2025 00:10:28.625] [Server thread/INFO] [net.minecraft.server.dedicated.DedicatedServer/]: [fr4nnki: Teleported zZzK1TTY to fr4nnki]
